#
# A fatal error has been detected by the Java Runtime Environment:
#
#  Internal Error (os_windows_x86.cpp:114), pid=12396, tid=13388
#  Error: guarantee(result == -1,"Unexpected result from topLevelExceptionFilter")
#
# JRE version: 6.0_17-b04
# Java VM: Java HotSpot(TM) 64-Bit Server VM (14.3-b01 mixed mode windows-amd64 )
# If you would like to submit a bug report, please visit:
#   http://java.sun.com/webapps/bugreport/crash.jsp
# The crash happened outside the Java Virtual Machine in native code.
# See problematic frame for where to report the bug.
#

---------------  T H R E A D  ---------------

Current thread (0x000000000676f000):  JavaThread "main" [_thread_in_native, id=13388, stack(0x0000000000120000,0x0000000004120000)]

Stack: [0x0000000000120000,0x0000000004120000]
[error occurred during error reporting (printing stack bounds), id 0xc0000005]

Java frames: (J=compiled Java code, j=interpreted, Vv=VM code)
j  com.mathworks.jmi.NativeMatlab.ProcessPendingEvents()Z+0
j  com.mathworks.jmi.NativeMatlab.processPendingEvents()Z+8
j  com.mathworks.jmi.Matlab$ProcessPendingEvents.callBooleanMethod(Ljava/lang/Object;)Z+0
j  com.mathworks.util.FactoryUtils.processPendingEvents()Z+12
j  com.mathworks.mde.desk.MLDesktop.canClose()Z+84
j  com.mathworks.mde.desk.MLDesktop$2.call()Ljava/lang/Boolean;+4
j  com.mathworks.mde.desk.MLDesktop$2.call()Ljava/lang/Object;+1
j  com.mathworks.jmi.Matlab.isOkToExit()Z+54
v  ~StubRoutines::call_stub
j  com.mathworks.jmi.NativeMatlab.SendMatlabMessage(Ljava/lang/Object;)Ljava/lang/Object;+0
j  com.mathworks.jmi.NativeMatlab.sendMatlabMessage(Ljava/lang/Object;)Ljava/lang/Object;+22
j  com.mathworks.jmi.MatlabLooper.sendMatlabMessage(Lcom/mathworks/services/message/MWMessage;)Ljava/lang/Object;+20
j  com.mathworks.jmi.Matlab.mtFevalConsoleOutput(Ljava/lang/String;[Ljava/lang/Object;I)Ljava/lang/Object;+58
j  com.mathworks.mde.desk.MLDesktop$8.run()V+14
j  com.mathworks.jmi.NativeMatlab.dispatchMTRequests(Z)V+57
v  ~StubRoutines::call_stub

---------------  P R O C E S S  ---------------

Java Threads: ( => current thread )
  0x0000000052061800 JavaThread "Foxtrot Multi Worker Thread Runner #1" daemon [_thread_blocked, id=13672, stack(0x000000001bad0000,0x000000001bb50000)]
  0x000000005205e000 JavaThread "Timer-37" [_thread_blocked, id=16028, stack(0x0000000016490000,0x0000000016510000)]
  0x0000000052068800 JavaThread "pool-4-thread-1" [_thread_blocked, id=15832, stack(0x000000002ef60000,0x000000002efe0000)]
  0x0000000052068000 JavaThread "Code Analyzer updating thread" [_thread_blocked, id=16308, stack(0x0000000052760000,0x00000000527e0000)]
  0x0000000052067000 JavaThread "Code Analyzer updating thread" [_thread_blocked, id=16304, stack(0x0000000055570000,0x00000000555f0000)]
  0x0000000052066800 JavaThread "Code Analyzer updating thread" [_thread_blocked, id=16300, stack(0x0000000055420000,0x00000000554a0000)]
  0x0000000052066000 JavaThread "Code Analyzer updating thread" [_thread_blocked, id=16296, stack(0x00000000554e0000,0x0000000055560000)]
  0x0000000052065000 JavaThread "Active Reference Queue Daemon" daemon [_thread_blocked, id=16288, stack(0x0000000055180000,0x0000000055200000)]
  0x0000000052063800 JavaThread "Timer-7" daemon [_thread_blocked, id=16284, stack(0x0000000055240000,0x00000000552c0000)]
  0x0000000052064800 JavaThread "Timer-6" daemon [_thread_blocked, id=16260, stack(0x0000000054f60000,0x0000000054fe0000)]
  0x0000000052062000 JavaThread "Explorer NavigationContext request queue" [_thread_blocked, id=16224, stack(0x000000000ff80000,0x0000000010000000)]
  0x0000000052060800 JavaThread "AddressBar directory emptiness poller" [_thread_blocked, id=16212, stack(0x0000000055010000,0x0000000055090000)]
  0x0000000052060000 JavaThread "Explorer Refresh Service 1867809812" [_thread_blocked, id=16208, stack(0x0000000054470000,0x00000000544f0000)]
  0x000000005205e800 JavaThread "Timer-1" daemon [_thread_blocked, id=16180, stack(0x0000000054130000,0x00000000541b0000)]
  0x000000005205d000 JavaThread "TimerQueue" daemon [_thread_blocked, id=15968, stack(0x00000000526e0000,0x0000000052760000)]
  0x000000005205c800 JavaThread "Thread-5" daemon [_thread_blocked, id=15896, stack(0x00000000093e0000,0x0000000009460000)]
  0x000000005205b800 JavaThread "AWT-EventQueue-0" [_thread_blocked, id=15892, stack(0x0000000009480000,0x0000000009500000)]
  0x000000005205b000 JavaThread "AWT-Shutdown" [_thread_blocked, id=15888, stack(0x0000000009520000,0x00000000095a0000)]
  0x000000005205a000 JavaThread "FelixPackageAdmin" daemon [_thread_blocked, id=15652, stack(0x000000000e540000,0x000000000e5c0000)]
  0x0000000052025000 JavaThread "FelixStartLevel" daemon [_thread_blocked, id=15648, stack(0x0000000009290000,0x0000000009310000)]
  0x000000005157f800 JavaThread "FelixDispatchQueue" daemon [_thread_blocked, id=15644, stack(0x0000000009330000,0x00000000093b0000)]
  0x0000000051afd000 JavaThread "com.google.common.base.internal.Finalizer" daemon [_thread_blocked, id=15576, stack(0x000000004c920000,0x000000004c9a0000)]
  0x0000000051a37800 JavaThread "AWT-Windows" daemon [_thread_in_native, id=15560, stack(0x000000000e740000,0x000000000e7c0000)]
  0x0000000051a36000 JavaThread "Java2D Disposer" daemon [_thread_blocked, id=15552, stack(0x0000000010e90000,0x0000000010f10000)]
  0x0000000050ffe800 JavaThread "Timer-0" [_thread_blocked, id=15548, stack(0x000000000fef0000,0x000000000ff70000)]
  0x00000000515cd800 JavaThread "EventMgr Dispatcher" daemon [_thread_in_native, id=15452, stack(0x0000000009a00000,0x000000000da00000)]
  0x000000000fb85800 JavaThread "Low Memory Detector" daemon [_thread_blocked, id=15540, stack(0x000000000fdf0000,0x000000000fe70000)]
  0x000000000fb84000 JavaThread "CompilerThread1" daemon [_thread_blocked, id=15536, stack(0x0000000084160000,0x0000000088160000)]
  0x000000000fb78000 JavaThread "CompilerThread0" daemon [_thread_blocked, id=15532, stack(0x0000000080000000,0x0000000084000000)]
  0x000000000fb77800 JavaThread "Attach Listener" daemon [_thread_blocked, id=15528, stack(0x000000000fd00000,0x000000000fd80000)]
  0x000000000fb1a800 JavaThread "Finalizer" daemon [_thread_blocked, id=15524, stack(0x000000000e470000,0x000000000e4f0000)]
  0x000000000fb14800 JavaThread "Reference Handler" daemon [_thread_blocked, id=15520, stack(0x000000000e5c0000,0x000000000e640000)]
=>0x000000000676f000 JavaThread "main" [_thread_in_native, id=13388, stack(0x0000000000120000,0x0000000004120000)]

Other Threads:
  0x000000000fb11000 VMThread [stack: 0x0000000069bf0000,0x000000006dbf0000] [id=15516]
  0x000000000fbb2000 WatcherThread [stack: 0x0000000088280000,0x000000008c280000] [id=15544]

VM state:not at safepoint (normal execution)

VM Mutex/Monitor currently owned by a thread: None

Heap
 PSYoungGen      total 17920K, used 7032K [0x0000000045730000, 0x0000000046e40000, 0x0000000048830000)
  eden space 12480K, 55% used [0x0000000045730000,0x0000000045df6160,0x0000000046360000)
  from space 5440K, 1% used [0x0000000046380000,0x0000000046398000,0x00000000468d0000)
  to   space 5568K, 0% used [0x00000000468d0000,0x00000000468d0000,0x0000000046e40000)
 PSOldGen        total 102208K, used 67638K [0x000000003c430000, 0x0000000042800000, 0x0000000045730000)
  object space 102208K, 66% used [0x000000003c430000,0x000000004063dbf8,0x0000000042800000)
 PSPermGen       total 122368K, used 72683K [0x0000000034430000, 0x000000003bbb0000, 0x000000003c430000)
  object space 122368K, 59% used [0x0000000034430000,0x0000000038b2ae80,0x000000003bbb0000)

Dynamic libraries:
0x000000013f850000 - 0x000000013f87d000 	D:\Program Files\MATLAB\R2012b\bin\win64\MATLAB.exe
0x00000000772d0000 - 0x0000000077479000 	C:\Windows\SYSTEM32\ntdll.dll
0x00000000770b0000 - 0x00000000771cf000 	C:\Windows\system32\kernel32.dll
0x000007fefd2e0000 - 0x000007fefd34c000 	C:\Windows\system32\KERNELBASE.dll
0x0000000074460000 - 0x000000007451f000 	D:\Program Files\MATLAB\R2012b\bin\win64\libut.dll
0x00000000758a0000 - 0x000000007595c000 	D:\Program Files\MATLAB\R2012b\bin\win64\libmwi18n.dll
0x0000000180000000 - 0x000000018000b000 	D:\Program Files\MATLAB\R2012b\bin\win64\libmwresource_core.dll
0x00000000723b0000 - 0x0000000072483000 	C:\Windows\WinSxS\amd64_microsoft.vc90.crt_1fc8b3b9a1e18e3b_9.0.30729.6161_none_08e61857a83bc251\MSVCP90.dll
0x00000000724b0000 - 0x0000000072553000 	C:\Windows\WinSxS\amd64_microsoft.vc90.crt_1fc8b3b9a1e18e3b_9.0.30729.6161_none_08e61857a83bc251\MSVCR90.dll
0x000000007a170000 - 0x000000007a19c000 	D:\Program Files\MATLAB\R2012b\bin\win64\boost_filesystem-vc90-mt-1_44.dll
0x000000007a560000 - 0x000000007a569000 	D:\Program Files\MATLAB\R2012b\bin\win64\boost_system-vc90-mt-1_44.dll
0x000007fefe520000 - 0x000007fefe5fb000 	C:\Windows\system32\ADVAPI32.dll
0x000007fefd6f0000 - 0x000007fefd78f000 	C:\Windows\system32\msvcrt.dll
0x000007fefda20000 - 0x000007fefda3f000 	C:\Windows\SYSTEM32\sechost.dll
0x000007fefd8f0000 - 0x000007fefda1d000 	C:\Windows\system32\RPCRT4.dll
0x000000007a010000 - 0x000000007a035000 	D:\Program Files\MATLAB\R2012b\bin\win64\LIBEXPAT.dll
0x0000000072e40000 - 0x0000000073031000 	D:\Program Files\MATLAB\R2012b\bin\win64\icuin44.dll
0x00000000776a0000 - 0x0000000077811000 	D:\Program Files\MATLAB\R2012b\bin\win64\icuuc44.dll
0x0000000010000000 - 0x0000000010e41000 	D:\Program Files\MATLAB\R2012b\bin\win64\icudt44.dll
0x0000000073f70000 - 0x000000007411d000 	D:\Program Files\MATLAB\R2012b\bin\win64\libmwfl.dll
0x0000000004270000 - 0x0000000004626000 	D:\Program Files\MATLAB\R2012b\bin\win64\libmwMATLAB_res.dll
0x000000007a3b0000 - 0x000000007a3c0000 	D:\Program Files\MATLAB\R2012b\bin\win64\boost_date_time-vc90-mt-1_44.dll
0x000000007a250000 - 0x000000007a263000 	D:\Program Files\MATLAB\R2012b\bin\win64\boost_signals-vc90-mt-1_44.dll
0x000000007a2d0000 - 0x000000007a2e2000 	D:\Program Files\MATLAB\R2012b\bin\win64\boost_thread-vc90-mt-1_44.dll
0x0000000004660000 - 0x000000000471d000 	D:\Program Files\MATLAB\R2012b\bin\win64\boost_log-vc90-mt-1_44.dll
0x00000000774a0000 - 0x00000000774a7000 	C:\Windows\system32\PSAPI.DLL
0x000007fefe4d0000 - 0x000007fefe51d000 	C:\Windows\system32\WS2_32.dll
0x000007fefe600000 - 0x000007fefe608000 	C:\Windows\system32\NSI.dll
0x0000000004730000 - 0x0000000004776000 	D:\Program Files\MATLAB\R2012b\bin\win64\tbb.dll
0x000007fefe4b0000 - 0x000007fefe4c9000 	C:\Windows\system32\imagehlp.dll
0x0000000073c50000 - 0x0000000073c63000 	D:\Program Files\MATLAB\R2012b\bin\win64\icuio44.dll
0x000007fef8360000 - 0x000007fef8485000 	C:\Windows\system32\dbghelp.dll
0x00000000771d0000 - 0x00000000772ca000 	C:\Windows\system32\USER32.dll
0x000007fefe260000 - 0x000007fefe2c7000 	C:\Windows\system32\GDI32.dll
0x000007fefddc0000 - 0x000007fefddce000 	C:\Windows\system32\LPK.dll
0x000007fefe3e0000 - 0x000007fefe4a9000 	C:\Windows\system32\USP10.dll
0x00000000047a0000 - 0x0000000004a7c000 	D:\Program Files\MATLAB\R2012b\bin\win64\libmwservices.dll
0x0000000075a20000 - 0x0000000075af3000 	D:\Program Files\MATLAB\R2012b\bin\win64\libmx.dll
0x0000000004aa0000 - 0x0000000004ac9000 	D:\Program Files\MATLAB\R2012b\bin\win64\tbbmalloc.dll
0x000000007a210000 - 0x000000007a228000 	D:\Program Files\MATLAB\R2012b\bin\win64\zlib1.dll
0x0000000004af0000 - 0x0000000004b3d000 	D:\Program Files\MATLAB\R2012b\bin\win64\libmwregexp.dll
0x0000000004b50000 - 0x0000000004b73000 	D:\Program Files\MATLAB\R2012b\bin\win64\libmwmfl_scalar.dll
0x0000000075f10000 - 0x0000000075f60000 	D:\Program Files\MATLAB\R2012b\bin\win64\mpath.dll
0x000000007b680000 - 0x000000007bc9a000 	D:\Program Files\MATLAB\R2012b\bin\win64\mlutil.dll
0x00000000754d0000 - 0x0000000075551000 	D:\Program Files\MATLAB\R2012b\bin\win64\xmlcore.dll
0x0000000004bc0000 - 0x0000000004e13000 	D:\Program Files\MATLAB\R2012b\bin\win64\xerces-c_2_7.dll
0x0000000004e30000 - 0x0000000004e50000 	D:\Program Files\MATLAB\R2012b\bin\win64\libmwMATLAB_settings_res.dll
0x0000000004e60000 - 0x0000000004e70000 	D:\Program Files\MATLAB\R2012b\bin\win64\boost_iostreams-vc90-mt-1_44.dll
0x0000000004e80000 - 0x0000000004ec7000 	D:\Program Files\MATLAB\R2012b\bin\win64\boost_serialization-vc90-mt-1_44.dll
0x000007fefe640000 - 0x000007feff3c8000 	C:\Windows\system32\SHELL32.dll
0x000007fefd4a0000 - 0x000007fefd511000 	C:\Windows\system32\SHLWAPI.dll
0x000007fef95e0000 - 0x000007fef9680000 	C:\Windows\WinSxS\amd64_microsoft.windows.common-controls_6595b64144ccf1df_5.82.7601.18201_none_a4d3b9377117c3df\COMCTL32.dll
0x000007fefdae0000 - 0x000007fefdb77000 	C:\Windows\system32\COMDLG32.dll
0x000007fefafb0000 - 0x000007fefafc6000 	C:\Windows\system32\NETAPI32.dll
0x000007fefafa0000 - 0x000007fefafac000 	C:\Windows\system32\netutils.dll
0x000007fefcdf0000 - 0x000007fefce13000 	C:\Windows\system32\srvcli.dll
0x000007fefaf80000 - 0x000007fefaf95000 	C:\Windows\system32\wkscli.dll
0x000007feff3d0000 - 0x000007feff5d3000 	C:\Windows\system32\ole32.dll
0x000007fefd810000 - 0x000007fefd8e7000 	C:\Windows\system32\OLEAUT32.dll
0x0000000074970000 - 0x0000000074a31000 	D:\Program Files\MATLAB\R2012b\bin\win64\mcr.dll
0x0000000075000000 - 0x00000000753e9000 	D:\Program Files\MATLAB\R2012b\bin\win64\iqm.dll
0x0000000074e80000 - 0x0000000074f38000 	D:\Program Files\MATLAB\R2012b\bin\win64\m_dispatcher.dll
0x0000000074880000 - 0x000000007496d000 	D:\Program Files\MATLAB\R2012b\bin\win64\boost_regex-vc90-mt-1_44.dll
0x000007fef3520000 - 0x000007fef3d91000 	D:\Program Files\MATLAB\R2012b\bin\win64\m_interpreter.dll
0x0000000070640000 - 0x0000000070667000 	D:\Program Files\MATLAB\R2012b\bin\win64\libmex.dll
0x00000000632f0000 - 0x0000000063374000 	D:\Program Files\MATLAB\R2012b\bin\win64\profiler.dll
0x0000000004f50000 - 0x00000000051ba000 	D:\Program Files\MATLAB\R2012b\bin\win64\libmwmathutil.dll
0x0000000079f40000 - 0x0000000079f6e000 	D:\Program Files\MATLAB\R2012b\bin\win64\libmwmathrng.dll
0x00000000051e0000 - 0x00000000051f2000 	D:\Program Files\MATLAB\R2012b\bin\win64\libmwmfl_rng.dll
0x0000000074c10000 - 0x0000000074cee000 	D:\Program Files\MATLAB\R2012b\bin\win64\libmwmathcore.dll
0x0000000076160000 - 0x00000000761ca000 	D:\Program Files\MATLAB\R2012b\bin\win64\libmwspmatrix.dll
0x0000000075ea0000 - 0x0000000075f02000 	D:\Program Files\MATLAB\R2012b\bin\win64\libmwcholmod.dll
0x000000007a460000 - 0x000000007a46d000 	D:\Program Files\MATLAB\R2012b\bin\win64\libmwamd.dll
0x000000007a4b0000 - 0x000000007a4bc000 	D:\Program Files\MATLAB\R2012b\bin\win64\libmwcolamd.dll
0x000000007a290000 - 0x000000007a2a9000 	D:\Program Files\MATLAB\R2012b\bin\win64\libmwblas.dll
0x000000007a310000 - 0x000000007a321000 	D:\Program Files\MATLAB\R2012b\bin\win64\libmwbinder.dll
0x000000007a4d0000 - 0x000000007a4dc000 	D:\Program Files\MATLAB\R2012b\bin\win64\libmwompwrapper.dll
0x0000000005290000 - 0x0000000005315000 	D:\Program Files\MATLAB\R2012b\bin\win64\libmwlapack.dll
0x0000000073bc0000 - 0x0000000073be1000 	D:\Program Files\MATLAB\R2012b\bin\win64\m_pcodeio.dll
0x0000000079b10000 - 0x0000000079b77000 	D:\Program Files\MATLAB\R2012b\bin\win64\m_ir.dll
0x0000000078aa0000 - 0x0000000079110000 	D:\Program Files\MATLAB\R2012b\bin\win64\m_parser.dll
0x0000000073c70000 - 0x0000000073c8a000 	D:\Program Files\MATLAB\R2012b\bin\win64\ir_xfmr.dll
0x000007fef4f80000 - 0x000007fef5216000 	D:\Program Files\MATLAB\R2012b\bin\win64\mcos.dll
0x000000006ef80000 - 0x000000006ef91000 	D:\Program Files\MATLAB\R2012b\bin\win64\mtok.dll
0x00000000683e0000 - 0x0000000068411000 	D:\Program Files\MATLAB\R2012b\bin\win64\m_pcodegen.dll
0x0000000079fb0000 - 0x0000000079fe6000 	D:\Program Files\MATLAB\R2012b\bin\win64\libmwbridge.dll
0x0000000055b20000 - 0x0000000055be8000 	D:\Program Files\MATLAB\R2012b\bin\win64\udd.dll
0x00000000594b0000 - 0x0000000059602000 	D:\Program Files\MATLAB\R2012b\bin\win64\libmwgui.dll
0x000000006f880000 - 0x000000006f897000 	D:\Program Files\MATLAB\R2012b\bin\win64\graphics_util.dll
0x00000000053e0000 - 0x0000000005e3f000 	D:\Program Files\MATLAB\R2012b\bin\win64\hg.dll
0x0000000005e50000 - 0x0000000005eb8000 	D:\Program Files\MATLAB\R2012b\bin\win64\libmat.dll
0x0000000005ed0000 - 0x00000000060e4000 	D:\Program Files\MATLAB\R2012b\bin\win64\hdf5dll.dll
0x0000000075710000 - 0x00000000757de000 	D:\Program Files\MATLAB\R2012b\bin\win64\jmi.dll
0x0000000006110000 - 0x000000000611d000 	D:\Program Files\MATLAB\R2012b\bin\win64\nativejava_services.dll
0x0000000064c30000 - 0x0000000064c76000 	D:\Program Files\MATLAB\R2012b\bin\win64\libmwhardcopy.dll
0x00000000633b0000 - 0x0000000063413000 	D:\Program Files\MATLAB\R2012b\bin\win64\libuij.dll
0x0000000072620000 - 0x0000000072884000 	D:\Program Files\MATLAB\R2012b\bin\win64\hgdatatypes.dll
0x0000000054520000 - 0x000000005463f000 	D:\Program Files\MATLAB\R2012b\bin\win64\hgutils.dll
0x0000000055320000 - 0x00000000553e0000 	D:\Program Files\MATLAB\R2012b\bin\win64\udd_mi.dll
0x0000000006180000 - 0x00000000061bb000 	D:\Program Files\MATLAB\R2012b\bin\win64\libmwgbtutils.dll
0x00000000061d0000 - 0x00000000061eb000 	D:\Program Files\MATLAB\R2012b\bin\win64\libmwgbt.dll
0x0000000006200000 - 0x00000000064d1000 	D:\Program Files\MATLAB\R2012b\bin\win64\uiw.dll
0x0000000073ce0000 - 0x0000000073cef000 	D:\Program Files\MATLAB\R2012b\bin\win64\uinone.dll
0x0000000006500000 - 0x0000000006529000 	D:\Program Files\MATLAB\R2012b\bin\win64\libmwnativefiledialogs.dll
0x0000000006540000 - 0x0000000006548000 	D:\Program Files\MATLAB\R2012b\bin\win64\libmwplatform_res.dll
0x000007fef9060000 - 0x000007fef9078000 	C:\Windows\system32\MPR.dll
0x0000000077f60000 - 0x0000000078444000 	C:\Windows\WinSxS\amd64_microsoft.vc90.mfc_1fc8b3b9a1e18e3b_9.0.30729.6161_none_044aad0bab1eb146\mfc90.dll
0x000007fef95c0000 - 0x000007fef95c7000 	C:\Windows\system32\MSIMG32.dll
0x000007fef9350000 - 0x000007fef93c1000 	C:\Windows\system32\WINSPOOL.DRV
0x0000000069b20000 - 0x0000000069b42000 	D:\Program Files\MATLAB\R2012b\bin\win64\mwoles05.DLL
0x0000000055740000 - 0x00000000557bd000 	D:\Program Files\MATLAB\R2012b\bin\win64\comcli.dll
0x00000000703a0000 - 0x00000000703cf000 	C:\Windows\WinSxS\amd64_microsoft.vc90.atl_1fc8b3b9a1e18e3b_9.0.30729.6161_none_0a1fd3a3a768b895\ATL90.DLL
0x0000000073d00000 - 0x0000000073d0c000 	D:\Program Files\MATLAB\R2012b\bin\win64\mlautoregister.dll
0x000007fefe610000 - 0x000007fefe63e000 	C:\Windows\system32\IMM32.DLL
0x000007fefe2d0000 - 0x000007fefe3d9000 	C:\Windows\system32\MSCTF.dll
0x000007fefb8e0000 - 0x000007fefb936000 	C:\Windows\system32\UxTheme.dll
0x000007fefb2c0000 - 0x000007fefb2d8000 	C:\Windows\system32\dwmapi.dll
0x0000000070b90000 - 0x0000000070b9d000 	C:\Windows\WinSxS\amd64_microsoft.vc90.mfcloc_1fc8b3b9a1e18e3b_9.0.30729.6161_none_01c9581e60cbee58\MFC90ENU.DLL
0x000007fefd0f0000 - 0x000007fefd0ff000 	C:\Windows\system32\profapi.dll
0x0000000006710000 - 0x000000000671f000 	D:\Program Files\MATLAB\R2012b\bin\win64\xmlxrcsc.dll
0x000007fefcf80000 - 0x000007fefcf8f000 	C:\Windows\system32\CRYPTBASE.dll
0x000007fefbac0000 - 0x000007fefbcb4000 	C:\Windows\WinSxS\amd64_microsoft.windows.common-controls_6595b64144ccf1df_6.0.7601.17514_none_fa396087175ac9ac\comctl32.dll
0x000007fefddd0000 - 0x000007fefdfa7000 	C:\Windows\system32\SETUPAPI.dll
0x000007fefd100000 - 0x000007fefd136000 	C:\Windows\system32\CFGMGR32.dll
0x000007fefd140000 - 0x000007fefd15a000 	C:\Windows\system32\DEVOBJ.dll
0x000007fefda40000 - 0x000007fefdad9000 	C:\Windows\system32\CLBCatQ.DLL
0x000007fefb940000 - 0x000007fefba6c000 	C:\Windows\system32\propsys.dll
0x000007fefc150000 - 0x000007fefc17d000 	C:\Windows\system32\ntmarta.dll

VM Arguments:
jvm_args: -Xss512k -XX:PermSize=32m -Xms64m -XX:NewRatio=3 -XX:MaxPermSize=128m -Xmx196m -XX:MaxDirectMemorySize=2147400000 -Dsun.java2d.noddraw=true -Dsun.awt.nopixfmt=true -Xshare:off -Xrs -Dsun.awt.disableMixing=true -Djava.library.path=D:\Program Files\MATLAB\R2012b\bin\win64;D:\Program Files\MATLAB\R2012b\sys\jxbrowser\win64\lib vfprintf abort 
java_command: <unknown>
Launcher Type: generic

Environment Variables:
PATH=D:\Matlab7\bin\win32;C:\Program Files (x86)\python34\;C:\Program Files (x86)\python34\Scripts;C:\ProgramData\Oracle\Java\javapath;C:\Perl\bin\;C:\Program Files (x86)\AMD APP\bin\x86_64;C:\Program Files (x86)\AMD APP\bin\x86;C:\Windows\system32;C:\Windows;C:\Windows\System32\Wbem;C:\Windows\System32\WindowsPowerShell\v1.0\;C:\Program Files (x86)\ATI Technologies\ATI.ACE\Core-Static;C:\Program Files\Microsoft SQL Server\110\Tools\Binn\;D:\VTK\VTKbin\bin\Debug;D:\Program Files (x86)\VTK 6.0.0\bin;C:\Program Files\Java\jre7\bin;D:\Matlab7\bin\win32;D:\Program Files\MATLAB\R2012b\runtime\win64;D:\Program Files\MATLAB\R2012b\bin;C:\CTEX\UserData\miktex\bin;C:\CTEX\MiKTeX\miktex\bin;C:\CTEX\CTeX\ctex\bin;C:\CTEX\CTeX\cct\bin;C:\CTEX\CTeX\ty\bin;C:\CTEX\Ghostscript\gs9.05\bin;C:\CTEX\GSview\gsview;C:\CTEX\WinEdt;C:\Program Files (x86)\Windows Kits\8.1\Windows Performance Toolkit\;C:\Program Files (x86)\nodejs\;C:\Program Files\Common Files\Autodesk Shared\;C:\Program Files (x86)\Skype\Phone\;D:\Program Files (x86)\opencv\build\x86\vc9\bin;D:\Program Files (x86)\opencv\build\common\tbb\ia32\vc9;D:\Program Files (x86)\cygwin\cygwin-b20\H-i586-cygwin32\bin;D:\Program Files (x86)\SSH Communications Security\SSH Secure Shell;C:\Users\ChenJF\AppData\Roaming\npm;C:\Program Files (x86)\Python27
USERNAME=ChenJF
OS=Windows_NT
PROCESSOR_IDENTIFIER=Intel64 Family 6 Model 37 Stepping 5, GenuineIntel



---------------  S Y S T E M  ---------------

OS: Windows 7 Build 7601 Service Pack 1

CPU:total 4 (8 cores per cpu, 2 threads per core) family 6 model 37 stepping 5, cmov, cx8, fxsr, mmx, sse, sse2, sse3, ssse3, sse4.1, sse4.2, ht

Memory: 4k page, physical 4044332k(1587616k free), swap 8086800k(4227048k free)

vm_info: Java HotSpot(TM) 64-Bit Server VM (14.3-b01) for windows-amd64 JRE (1.6.0_17-b04), built on Oct 11 2009 00:46:08 by "java_re" with MS VC++ 8.0

time: Thu Apr 09 14:59:10 2015
elapsed time: 16248 seconds

